<?xml version="1.0" encoding="utf-8"?><testsuites name="pytest tests"><testsuite name="pytest" errors="0" failures="0" skipped="0" tests="13" time="1.491" timestamp="2026-05-20T11:17:19.440205+00:00" hostname="agent-env-247cb93b-0d9f-4a0d-aff1-e211a7c6a9ed"><testcase classname="backend.tests.backend_test.TestHealth" name="test_health_ok" time="0.283" /><testcase classname="backend.tests.backend_test.TestHealth" name="test_root" time="0.055" /><testcase classname="backend.tests.backend_test.TestNewsletter" name="test_subscribe_success" time="0.070" /><testcase classname="backend.tests.backend_test.TestNewsletter" name="test_subscribe_idempotent_duplicate" time="0.096" /><testcase classname="backend.tests.backend_test.TestNewsletter" name="test_subscribe_invalid_email" time="0.049" /><testcase classname="backend.tests.backend_test.TestNewsletter" name="test_list_newsletter_no_objectid" time="0.137" /><testcase classname="backend.tests.backend_test.TestContact" name="test_submit_success" time="0.058" /><testcase classname="backend.tests.backend_test.TestContact" name="test_submit_missing_fields" time="0.137" /><testcase classname="backend.tests.backend_test.TestContact" name="test_submit_invalid_email" time="0.044" /><testcase classname="backend.tests.backend_test.TestContact" name="test_list_contact_no_objectid" time="0.047" /><testcase classname="backend.tests.backend_test.TestBooking" name="test_submit_success" time="0.055" /><testcase classname="backend.tests.backend_test.TestBooking" name="test_submit_missing_required" time="0.180" /><testcase classname="backend.tests.backend_test.TestBooking" name="test_list_booking_no_objectid" time="0.046" /></testsuite></testsuites>